0 info it worked if it ends with ok
1 verbose cli [ '/Users/nbeers/.nvm/versions/node/v4.8.4/bin/node',
1 verbose cli   '/Users/nbeers/.nvm/versions/node/v4.8.4/bin/npm',
1 verbose cli   'run',
1 verbose cli   'watch' ]
2 info using npm@2.15.11
3 info using node@v4.8.4
4 verbose stack Error: ENOENT: no such file or directory, open '/Users/nbeers/projects/protectionpro/wp-content/package.json'
4 verbose stack     at Error (native)
5 verbose cwd /Users/nbeers/projects/protectionpro/wp-content
6 error Darwin 16.7.0
7 error argv "/Users/nbeers/.nvm/versions/node/v4.8.4/bin/node" "/Users/nbeers/.nvm/versions/node/v4.8.4/bin/npm" "run" "watch"
8 error node v4.8.4
9 error npm  v2.15.11
10 error path /Users/nbeers/projects/protectionpro/wp-content/package.json
11 error code ENOENT
12 error errno -2
13 error syscall open
14 error enoent ENOENT: no such file or directory, open '/Users/nbeers/projects/protectionpro/wp-content/package.json'
14 error enoent This is most likely not a problem with npm itself
14 error enoent and is related to npm not being able to find a file.
15 verbose exit [ -2, true ]
