0 info it worked if it ends with ok
1 verbose cli [ '/Users/nbeers/.nvm/versions/node/v4.8.4/bin/node',
1 verbose cli   '/Users/nbeers/.nvm/versions/node/v4.8.4/bin/npm',
1 verbose cli   'run',
1 verbose cli   'watch' ]
2 info using npm@2.15.11
3 info using node@v4.8.4
4 verbose run-script [ 'prewatch', 'watch', 'postwatch' ]
5 info prewatch foundationpress@2.9.0
6 info watch foundationpress@2.9.0
7 verbose unsafe-perm in lifecycle true
8 info foundationpress@2.9.0 Failed to exec watch script
9 verbose stack Error: foundationpress@2.9.0 watch: `gulp`
9 verbose stack Exit status 1
9 verbose stack     at EventEmitter.<anonymous> (/Users/nbeers/.nvm/versions/node/v4.8.4/lib/node_modules/npm/lib/utils/lifecycle.js:217:16)
9 verbose stack     at emitTwo (events.js:87:13)
9 verbose stack     at EventEmitter.emit (events.js:172:7)
9 verbose stack     at ChildProcess.<anonymous> (/Users/nbeers/.nvm/versions/node/v4.8.4/lib/node_modules/npm/lib/utils/spawn.js:24:14)
9 verbose stack     at emitTwo (events.js:87:13)
9 verbose stack     at ChildProcess.emit (events.js:172:7)
9 verbose stack     at maybeClose (internal/child_process.js:862:16)
9 verbose stack     at Process.ChildProcess._handle.onexit (internal/child_process.js:222:5)
10 verbose pkgid foundationpress@2.9.0
11 verbose cwd /Users/nbeers/projects/protectionpro/wp-content/themes/protectionpro
12 error Darwin 16.7.0
13 error argv "/Users/nbeers/.nvm/versions/node/v4.8.4/bin/node" "/Users/nbeers/.nvm/versions/node/v4.8.4/bin/npm" "run" "watch"
14 error node v4.8.4
15 error npm  v2.15.11
16 error code ELIFECYCLE
17 error foundationpress@2.9.0 watch: `gulp`
17 error Exit status 1
18 error Failed at the foundationpress@2.9.0 watch script 'gulp'.
18 error This is most likely a problem with the foundationpress package,
18 error not with npm itself.
18 error Tell the author that this fails on your system:
18 error     gulp
18 error You can get information on how to open an issue for this project with:
18 error     npm bugs foundationpress
18 error Or if that isn't available, you can get their info via:
18 error
18 error     npm owner ls foundationpress
18 error There is likely additional logging output above.
19 verbose exit [ 1, true ]
